{
  "RSpec": {
    "coverage": {
      "/Users/Adrian1707/Projects/Makers/week_10/music_discover/app/helpers/application_helper.rb": [
        1,
        1,
        139,
        null,
        null
      ],
      "/Users/Adrian1707/Projects/Makers/week_10/music_discover/app/helpers/artists_helper.rb": [
        1,
        1,
        6,
        6,
        6,
        4,
        4,
        4,
        4,
        null,
        null,
        null,
        null,
        1,
        18,
        null,
        null,
        1,
        4,
        null,
        null
      ],
      "/Users/Adrian1707/Projects/Makers/week_10/music_discover/app/helpers/recommendation_helper.rb": [
        1,
        null,
        null,
        null,
        null,
        1,
        null,
        null,
        null,
        null,
        11,
        null,
        null,
        null,
        null,
        null,
        null,
        1,
        8,
        8,
        8,
        26,
        17,
        null,
        null,
        8,
        null,
        null,
        1,
        null,
        1,
        null,
        null,
        null,
        8,
        null,
        null
      ],
      "/Users/Adrian1707/Projects/Makers/week_10/music_discover/app/helpers/rspotify_helper.rb": [
        1,
        1,
        8,
        null,
        null,
        1,
        10,
        null,
        null,
        1,
        5,
        null,
        null,
        1,
        2,
        null,
        null
      ],
      "/Users/Adrian1707/Projects/Makers/week_10/music_discover/app/helpers/users_helper.rb": [
        1,
        1,
        7,
        7,
        7,
        7,
        7,
        null,
        null,
        1,
        7,
        7,
        0,
        0,
        0,
        0,
        0,
        0,
        null,
        null,
        null,
        null,
        null,
        1,
        109,
        73,
        null,
        36,
        null,
        109,
        null,
        null,
        1,
        null,
        1,
        7,
        0,
        null,
        null,
        null
      ],
      "/Users/Adrian1707/Projects/Makers/week_10/music_discover/app/models/artist.rb": [
        1,
        1,
        null,
        1,
        1,
        null,
        1,
        null
      ],
      "/Users/Adrian1707/Projects/Makers/week_10/music_discover/app/models/listens_to.rb": [
        1,
        1,
        null,
        1,
        1,
        null,
        1,
        null,
        1,
        111,
        111,
        null,
        null,
        1,
        1,
        1,
        null,
        null
      ],
      "/Users/Adrian1707/Projects/Makers/week_10/music_discover/app/models/user.rb": [
        1,
        1,
        null,
        1,
        1,
        1,
        1,
        null,
        1,
        null
      ],
      "/Users/Adrian1707/Projects/Makers/week_10/music_discover/app/controllers/artists_controller.rb": [
        1,
        1,
        1,
        1,
        null,
        1,
        null,
        null,
        1,
        6,
        6,
        null,
        null,
        1,
        1,
        1,
        1,
        1,
        null,
        null
      ],
      "/Users/Adrian1707/Projects/Makers/week_10/music_discover/app/controllers/application_controller.rb": [
        1,
        null,
        null,
        1,
        1,
        null
      ],
      "/Users/Adrian1707/Projects/Makers/week_10/music_discover/app/controllers/users_controller.rb": [
        1,
        1,
        1,
        null,
        1,
        null,
        null,
        1,
        7,
        7,
        7,
        7,
        7,
        null,
        null,
        1,
        2,
        2,
        2,
        null,
        null
      ]
    },
    "timestamp": 1448036507
  }
}
